<?xml version="1.0" encoding="UTF-8"?>
<!-- Generated by org.testng.reporters.JUnitReportReporter -->
<testsuite hostname="MUSTHAQ-PC" failures="0" tests="4" name="loginTestCases.loginClass" time="24.496" errors="0" timestamp="2022-06-22T16:27:19 IST" skipped="0">
  <testcase classname="loginTestCases.loginClass" name="loginWithBothCorrect" time="2.857"/>
  <system-out/>
  <testcase classname="loginTestCases.loginClass" name="loginWithBothCorrect" time="1.759"/>
  <system-out/>
  <testcase classname="loginTestCases.loginClass" name="loginWithBothCorrect" time="17.457"/>
  <system-out/>
  <testcase classname="loginTestCases.loginClass" name="loginWithBothCorrect" time="2.423"/>
  <system-out/>
</testsuite> <!-- loginTestCases.loginClass -->
