<?xml version="1.0" encoding="UTF-8"?>
<!-- Generated by org.testng.reporters.JUnitReportReporter -->
<testsuite hostname="MUSTHAQ-PC" failures="0" tests="1" name="loginTestCases.BothIncorrect" time="9.944" errors="0" timestamp="2022-06-20T13:54:51 IST" skipped="0">
  <testcase classname="loginTestCases.BothIncorrect" name="loginWithBothIncorrect" time="9.944"/>
  <system-out/>
</testsuite> <!-- loginTestCases.BothIncorrect -->
